2024-08-02T00:32:20: LogHost: Initializing to normal mode
2024-08-02T00:32:24: LogHost: SuppressChangeNotifications was called (perhaps via AddRange), yet you do not
2024-08-02T00:32:24: LogHost: have a subscription to ShouldReset. This probably isn't what you want, as ItemsAdded
2024-08-02T00:32:24: LogHost: and friends will appear to 'miss' items
2024-08-02T00:32:24: Could not obtain git dir,  is not a git repo.
2024-08-02T00:32:28: Trying without host
2024-08-02T00:32:28: ReactiveList`1: Property change notifications are enabled and type SourceTree.Model.RepositoryRemoteProjectLink isn't INotifyPropertyChanged or IReactiveObject
2024-08-02T00:32:29: ScrollToItem idx:0 scrollHeight=16 offset=
2024-08-02T00:33:19: ScrollToItem idx:0 scrollHeight=16 offset=
2024-08-02T00:33:19: 2024-08-02 오전 12:33:19 : REFRESHING DIFF
2024-08-02T00:33:24: Trying without host
2024-08-02T00:33:35: Trying without host
2024-08-02T00:34:10: Trying without host
2024-08-02T00:41:20: Trying without host
2024-08-02T00:41:22: 2024-08-02 오전 12:41:22 : REFRESHING DIFF
2024-08-02T00:41:22: ScrollToItem idx:1 scrollHeight=17 offset=.65
2024-08-02T00:41:22: 2024-08-02 오전 12:41:22 : REFRESHING DIFF
2024-08-02T00:41:52: Trying without host
2024-08-02T00:41:55: 2024-08-02 오전 12:41:55 : REFRESHING DIFF
2024-08-02T00:41:55: ScrollToItem idx:1 scrollHeight=17 offset=.65
2024-08-02T00:41:55: 2024-08-02 오전 12:41:55 : REFRESHING DIFF
