DEBUG [2024-07-31 16:45:25,759] [1] [Microsoft.Extensions.Logging.Logger] [Log] - CustomSettings. Saving config...
DEBUG [2024-07-31 16:45:26,227] [25] [Microsoft.Extensions.Logging.Logger] [Log] - CustomSettings. Saving config...
DEBUG [2024-07-31 16:45:26,245] [25] [Microsoft.Extensions.Logging.Logger] [Log] - CustomSettings. Repo name: SGCC-Web
DEBUG [2024-07-31 16:45:26,247] [25] [Microsoft.Extensions.Logging.Logger] [Log] - CustomSettings: AutoRefresh:True; AutoRefreshRemotes:True; CommitTextLinks:0; DraftCommitMsg:; IncomingSavedCount:0; LastCheckedRemotes:0001-01-01 오전 12:00:00; LastUsedView:FileStatus; LogBranchFilterIndex:0; OutgoingSavedCount:0; RemoteProjectLinks:0; SidebarExpandedItems:2; SidebarWidth:210; SubtreeLinks:0
DEBUG [2024-07-31 16:45:26,267] [25] [Microsoft.Extensions.Logging.Logger] [Log] - CustomSettings. Saved.
DEBUG [2024-07-31 16:45:26,269] [25] [Microsoft.Extensions.Logging.Logger] [Log] - CustomSettings. Saving config...
DEBUG [2024-07-31 16:45:26,270] [25] [Microsoft.Extensions.Logging.Logger] [Log] - CustomSettings. Repo name: SGCC-Web
DEBUG [2024-07-31 16:45:26,271] [25] [Microsoft.Extensions.Logging.Logger] [Log] - CustomSettings: AutoRefresh:True; AutoRefreshRemotes:True; CommitTextLinks:0; DraftCommitMsg:; IncomingSavedCount:0; LastCheckedRemotes:0001-01-01 오전 12:00:00; LastUsedView:Log; LogBranchFilterIndex:0; OutgoingSavedCount:0; RemoteProjectLinks:0; SidebarExpandedItems:2; SidebarWidth:210; SubtreeLinks:0
DEBUG [2024-07-31 16:45:26,282] [25] [Microsoft.Extensions.Logging.Logger] [Log] - CustomSettings. Saved.
DEBUG [2024-07-31 16:45:54,026] [1] [Microsoft.Extensions.Logging.Logger] [Log] - CustomSettings. Saving config...
DEBUG [2024-07-31 16:46:08,695] [1] [Microsoft.Extensions.Logging.Logger] [Log] - CustomSettings. Saving config...
DEBUG [2024-07-31 16:46:08,710] [1] [Microsoft.Extensions.Logging.Logger] [Log] - CustomSettings. Repo name: cnu-
DEBUG [2024-07-31 16:46:08,711] [1] [Microsoft.Extensions.Logging.Logger] [Log] - CustomSettings: AutoRefresh:True; AutoRefreshRemotes:True; CommitTextLinks:0; DraftCommitMsg:; IncomingSavedCount:0; LastCheckedRemotes:2024-07-31 오후 4:45:54; LastUsedView:FileStatus; LogBranchFilterIndex:0; OutgoingSavedCount:0; RemoteProjectLinks:0; SidebarExpandedItems:1; SidebarWidth:210; SubtreeLinks:0
DEBUG [2024-07-31 16:46:08,720] [1] [Microsoft.Extensions.Logging.Logger] [Log] - CustomSettings. Saved.
DEBUG [2024-07-31 16:57:28,979] [1] [Microsoft.Extensions.Logging.Logger] [Log] - CustomSettings. Saving config...
DEBUG [2024-07-31 16:57:28,981] [1] [Microsoft.Extensions.Logging.Logger] [Log] - CustomSettings. Repo name: SGCC-Web
DEBUG [2024-07-31 16:57:28,982] [1] [Microsoft.Extensions.Logging.Logger] [Log] - CustomSettings: AutoRefresh:True; AutoRefreshRemotes:True; CommitTextLinks:0; DraftCommitMsg:; IncomingSavedCount:5; LastCheckedRemotes:2024-07-31 오후 4:57:28; LastUsedView:Log; LogBranchFilterIndex:0; OutgoingSavedCount:0; RemoteProjectLinks:0; SidebarExpandedItems:0; SidebarWidth:210; SubtreeLinks:0
DEBUG [2024-07-31 16:57:28,994] [1] [Microsoft.Extensions.Logging.Logger] [Log] - CustomSettings. Saved.
DEBUG [2024-07-31 16:57:47,943] [1] [Microsoft.Extensions.Logging.Logger] [Log] - CustomSettings. Saving config...
DEBUG [2024-07-31 16:57:47,944] [1] [Microsoft.Extensions.Logging.Logger] [Log] - CustomSettings. Repo name: SGCC-Web
DEBUG [2024-07-31 16:57:47,945] [1] [Microsoft.Extensions.Logging.Logger] [Log] - CustomSettings: AutoRefresh:True; AutoRefreshRemotes:True; CommitTextLinks:0; DraftCommitMsg:; IncomingSavedCount:0; LastCheckedRemotes:2024-07-31 오후 4:57:47; LastUsedView:Log; LogBranchFilterIndex:0; OutgoingSavedCount:0; RemoteProjectLinks:0; SidebarExpandedItems:1; SidebarWidth:210; SubtreeLinks:0
DEBUG [2024-07-31 16:57:47,959] [1] [Microsoft.Extensions.Logging.Logger] [Log] - CustomSettings. Saved.
DEBUG [2024-07-31 19:37:20,232] [63] [Microsoft.Extensions.Logging.Logger] [Log] - CustomSettings. Saving config...
DEBUG [2024-07-31 19:37:20,281] [63] [Microsoft.Extensions.Logging.Logger] [Log] - CustomSettings. Repo name: SGCC-Web
DEBUG [2024-07-31 19:37:20,289] [63] [Microsoft.Extensions.Logging.Logger] [Log] - CustomSettings: AutoRefresh:True; AutoRefreshRemotes:True; CommitTextLinks:0; DraftCommitMsg:; IncomingSavedCount:1; LastCheckedRemotes:2024-07-31 오후 7:37:20; LastUsedView:Log; LogBranchFilterIndex:0; OutgoingSavedCount:0; RemoteProjectLinks:0; SidebarExpandedItems:1; SidebarWidth:210; SubtreeLinks:0
DEBUG [2024-07-31 19:37:20,342] [63] [Microsoft.Extensions.Logging.Logger] [Log] - CustomSettings. Saved.
DEBUG [2024-08-02 00:32:28,303] [1] [Microsoft.Extensions.Logging.Logger] [Log] - CustomSettings. Saving config...
DEBUG [2024-08-02 00:32:38,485] [1] [Microsoft.Extensions.Logging.Logger] [Log] - CustomSettings. Saving config...
DEBUG [2024-08-02 00:32:38,491] [1] [Microsoft.Extensions.Logging.Logger] [Log] - CustomSettings. Repo name: SGCC-Web
DEBUG [2024-08-02 00:32:38,495] [1] [Microsoft.Extensions.Logging.Logger] [Log] - CustomSettings: AutoRefresh:True; AutoRefreshRemotes:True; CommitTextLinks:0; DraftCommitMsg:; IncomingSavedCount:1; LastCheckedRemotes:2024-08-02 오전 12:32:28; LastUsedView:FileStatus; LogBranchFilterIndex:0; OutgoingSavedCount:0; RemoteProjectLinks:1; SidebarExpandedItems:3; SidebarWidth:210; SubtreeLinks:0
DEBUG [2024-08-02 00:32:38,508] [1] [Microsoft.Extensions.Logging.Logger] [Log] - CustomSettings. Saved.
DEBUG [2024-08-02 00:33:04,916] [1] [Microsoft.Extensions.Logging.Logger] [Log] - CustomSettings. Saving config...
DEBUG [2024-08-02 00:33:04,925] [1] [Microsoft.Extensions.Logging.Logger] [Log] - CustomSettings. Repo name: SGCC-Web
DEBUG [2024-08-02 00:33:04,926] [1] [Microsoft.Extensions.Logging.Logger] [Log] - CustomSettings: AutoRefresh:True; AutoRefreshRemotes:True; CommitTextLinks:0; DraftCommitMsg:; IncomingSavedCount:1; LastCheckedRemotes:2024-08-02 오전 12:32:28; LastUsedView:FileStatus; LogBranchFilterIndex:0; OutgoingSavedCount:0; RemoteProjectLinks:1; SidebarExpandedItems:1; SidebarWidth:210; SubtreeLinks:0
DEBUG [2024-08-02 00:33:04,934] [1] [Microsoft.Extensions.Logging.Logger] [Log] - CustomSettings. Saved.
DEBUG [2024-08-02 00:33:18,373] [1] [Microsoft.Extensions.Logging.Logger] [Log] - CustomSettings. Saving config...
DEBUG [2024-08-02 00:33:18,374] [1] [Microsoft.Extensions.Logging.Logger] [Log] - CustomSettings. Repo name: SGCC-Web
DEBUG [2024-08-02 00:33:18,374] [1] [Microsoft.Extensions.Logging.Logger] [Log] - CustomSettings: AutoRefresh:True; AutoRefreshRemotes:True; CommitTextLinks:0; DraftCommitMsg:; IncomingSavedCount:1; LastCheckedRemotes:2024-08-02 오전 12:32:28; LastUsedView:FileStatus; LogBranchFilterIndex:0; OutgoingSavedCount:0; RemoteProjectLinks:1; SidebarExpandedItems:1; SidebarWidth:210; SubtreeLinks:0
DEBUG [2024-08-02 00:33:18,391] [1] [Microsoft.Extensions.Logging.Logger] [Log] - CustomSettings. Saved.
DEBUG [2024-08-02 00:33:18,630] [1] [Microsoft.Extensions.Logging.Logger] [Log] - CustomSettings. Saving config...
DEBUG [2024-08-02 00:33:18,632] [1] [Microsoft.Extensions.Logging.Logger] [Log] - CustomSettings. Repo name: SGCC-Web
DEBUG [2024-08-02 00:33:18,632] [1] [Microsoft.Extensions.Logging.Logger] [Log] - CustomSettings: AutoRefresh:True; AutoRefreshRemotes:True; CommitTextLinks:0; DraftCommitMsg:; IncomingSavedCount:1; LastCheckedRemotes:2024-08-02 오전 12:32:28; LastUsedView:FileStatus; LogBranchFilterIndex:0; OutgoingSavedCount:0; RemoteProjectLinks:1; SidebarExpandedItems:1; SidebarWidth:210; SubtreeLinks:0
DEBUG [2024-08-02 00:33:18,641] [1] [Microsoft.Extensions.Logging.Logger] [Log] - CustomSettings. Saved.
DEBUG [2024-08-02 00:33:18,718] [1] [Microsoft.Extensions.Logging.Logger] [Log] - CustomSettings. Saving config...
DEBUG [2024-08-02 00:33:18,719] [1] [Microsoft.Extensions.Logging.Logger] [Log] - CustomSettings. Repo name: SGCC-Web
DEBUG [2024-08-02 00:33:18,719] [1] [Microsoft.Extensions.Logging.Logger] [Log] - CustomSettings: AutoRefresh:True; AutoRefreshRemotes:True; CommitTextLinks:0; DraftCommitMsg:; IncomingSavedCount:1; LastCheckedRemotes:2024-08-02 오전 12:32:28; LastUsedView:FileStatus; LogBranchFilterIndex:0; OutgoingSavedCount:0; RemoteProjectLinks:1; SidebarExpandedItems:1; SidebarWidth:210; SubtreeLinks:0
DEBUG [2024-08-02 00:33:18,728] [1] [Microsoft.Extensions.Logging.Logger] [Log] - CustomSettings. Saved.
DEBUG [2024-08-02 00:33:18,734] [1] [Microsoft.Extensions.Logging.Logger] [Log] - CustomSettings. Saving config...
DEBUG [2024-08-02 00:33:18,735] [1] [Microsoft.Extensions.Logging.Logger] [Log] - CustomSettings. Repo name: SGCC-Web
DEBUG [2024-08-02 00:33:18,736] [1] [Microsoft.Extensions.Logging.Logger] [Log] - CustomSettings: AutoRefresh:True; AutoRefreshRemotes:True; CommitTextLinks:0; DraftCommitMsg:; IncomingSavedCount:1; LastCheckedRemotes:2024-08-02 오전 12:32:28; LastUsedView:FileStatus; LogBranchFilterIndex:0; OutgoingSavedCount:0; RemoteProjectLinks:1; SidebarExpandedItems:1; SidebarWidth:210; SubtreeLinks:0
DEBUG [2024-08-02 00:33:18,746] [1] [Microsoft.Extensions.Logging.Logger] [Log] - CustomSettings. Saved.
DEBUG [2024-08-02 00:33:18,748] [1] [Microsoft.Extensions.Logging.Logger] [Log] - CustomSettings. Saving config...
DEBUG [2024-08-02 00:33:18,749] [1] [Microsoft.Extensions.Logging.Logger] [Log] - CustomSettings. Repo name: SGCC-Web
DEBUG [2024-08-02 00:33:18,750] [1] [Microsoft.Extensions.Logging.Logger] [Log] - CustomSettings: AutoRefresh:True; AutoRefreshRemotes:True; CommitTextLinks:0; DraftCommitMsg:; IncomingSavedCount:1; LastCheckedRemotes:2024-08-02 오전 12:32:28; LastUsedView:FileStatus; LogBranchFilterIndex:0; OutgoingSavedCount:0; RemoteProjectLinks:1; SidebarExpandedItems:1; SidebarWidth:210; SubtreeLinks:0
DEBUG [2024-08-02 00:33:18,763] [1] [Microsoft.Extensions.Logging.Logger] [Log] - CustomSettings. Saved.
DEBUG [2024-08-02 00:33:18,774] [1] [Microsoft.Extensions.Logging.Logger] [Log] - CustomSettings. Saving config...
DEBUG [2024-08-02 00:33:18,775] [1] [Microsoft.Extensions.Logging.Logger] [Log] - CustomSettings. Repo name: SGCC-Web
DEBUG [2024-08-02 00:33:18,776] [1] [Microsoft.Extensions.Logging.Logger] [Log] - CustomSettings: AutoRefresh:True; AutoRefreshRemotes:True; CommitTextLinks:0; DraftCommitMsg:; IncomingSavedCount:1; LastCheckedRemotes:2024-08-02 오전 12:32:28; LastUsedView:Log; LogBranchFilterIndex:0; OutgoingSavedCount:0; RemoteProjectLinks:1; SidebarExpandedItems:1; SidebarWidth:210; SubtreeLinks:0
DEBUG [2024-08-02 00:33:18,787] [1] [Microsoft.Extensions.Logging.Logger] [Log] - CustomSettings. Saved.
DEBUG [2024-08-02 00:33:18,789] [1] [Microsoft.Extensions.Logging.Logger] [Log] - CustomSettings. Saving config...
DEBUG [2024-08-02 00:33:18,791] [1] [Microsoft.Extensions.Logging.Logger] [Log] - CustomSettings. Repo name: SGCC-Web
DEBUG [2024-08-02 00:33:18,792] [1] [Microsoft.Extensions.Logging.Logger] [Log] - CustomSettings: AutoRefresh:True; AutoRefreshRemotes:True; CommitTextLinks:0; DraftCommitMsg:; IncomingSavedCount:1; LastCheckedRemotes:2024-08-02 오전 12:33:18; LastUsedView:Log; LogBranchFilterIndex:0; OutgoingSavedCount:1; RemoteProjectLinks:1; SidebarExpandedItems:1; SidebarWidth:210; SubtreeLinks:0
DEBUG [2024-08-02 00:33:18,803] [1] [Microsoft.Extensions.Logging.Logger] [Log] - CustomSettings. Saved.
DEBUG [2024-08-02 00:41:21,685] [1] [Microsoft.Extensions.Logging.Logger] [Log] - CustomSettings. Saving config...
DEBUG [2024-08-02 00:41:21,686] [1] [Microsoft.Extensions.Logging.Logger] [Log] - CustomSettings. Repo name: SGCC-Web
DEBUG [2024-08-02 00:41:21,687] [1] [Microsoft.Extensions.Logging.Logger] [Log] - CustomSettings: AutoRefresh:True; AutoRefreshRemotes:True; CommitTextLinks:0; DraftCommitMsg:; IncomingSavedCount:0; LastCheckedRemotes:2024-08-02 오전 12:41:21; LastUsedView:Log; LogBranchFilterIndex:0; OutgoingSavedCount:0; RemoteProjectLinks:1; SidebarExpandedItems:1; SidebarWidth:210; SubtreeLinks:0
DEBUG [2024-08-02 00:41:21,690] [1] [Microsoft.Extensions.Logging.Logger] [Log] - CustomSettings. Saved.
DEBUG [2024-08-02 00:42:07,965] [1] [Microsoft.Extensions.Logging.Logger] [Log] - CustomSettings. Saving config...
DEBUG [2024-08-02 00:42:07,967] [1] [Microsoft.Extensions.Logging.Logger] [Log] - CustomSettings. Repo name: SGCC-Web
DEBUG [2024-08-02 00:42:07,968] [1] [Microsoft.Extensions.Logging.Logger] [Log] - CustomSettings: AutoRefresh:True; AutoRefreshRemotes:True; CommitTextLinks:0; DraftCommitMsg:; IncomingSavedCount:0; LastCheckedRemotes:2024-08-02 오전 12:41:54; LastUsedView:Log; LogBranchFilterIndex:0; OutgoingSavedCount:0; RemoteProjectLinks:1; SidebarExpandedItems:1; SidebarWidth:210; SubtreeLinks:0
DEBUG [2024-08-02 00:42:07,978] [1] [Microsoft.Extensions.Logging.Logger] [Log] - CustomSettings. Saved.
DEBUG [2024-08-02 12:45:35,288] [1] [Microsoft.Extensions.Logging.Logger] [Log] - CustomSettings. Saving config...
DEBUG [2024-08-02 12:46:00,313] [1] [Microsoft.Extensions.Logging.Logger] [Log] - CustomSettings. Saving config...
DEBUG [2024-08-02 12:46:00,735] [18] [Microsoft.Extensions.Logging.Logger] [Log] - CustomSettings. Saving config...
DEBUG [2024-08-02 12:46:00,735] [18] [Microsoft.Extensions.Logging.Logger] [Log] - CustomSettings. Repo name: SGCC_IndieGame
DEBUG [2024-08-02 12:46:00,735] [18] [Microsoft.Extensions.Logging.Logger] [Log] - CustomSettings: AutoRefresh:True; AutoRefreshRemotes:True; CommitTextLinks:0; DraftCommitMsg:; IncomingSavedCount:5; LastCheckedRemotes:2024-08-02 오후 12:46:00; LastUsedView:FileStatus; LogBranchFilterIndex:0; OutgoingSavedCount:0; RemoteProjectLinks:1; SidebarExpandedItems:2; SidebarWidth:210; SubtreeLinks:0
DEBUG [2024-08-02 12:46:00,735] [18] [Microsoft.Extensions.Logging.Logger] [Log] - CustomSettings. Saved.
DEBUG [2024-08-02 12:46:25,685] [1] [Microsoft.Extensions.Logging.Logger] [Log] - CustomSettings. Saving config...
DEBUG [2024-08-02 12:46:25,695] [1] [Microsoft.Extensions.Logging.Logger] [Log] - CustomSettings. Repo name: SGCC_IndieGame
DEBUG [2024-08-02 12:46:25,695] [1] [Microsoft.Extensions.Logging.Logger] [Log] - CustomSettings: AutoRefresh:True; AutoRefreshRemotes:True; CommitTextLinks:0; DraftCommitMsg:; IncomingSavedCount:5; LastCheckedRemotes:2024-08-02 오후 12:46:00; LastUsedView:FileStatus; LogBranchFilterIndex:0; OutgoingSavedCount:0; RemoteProjectLinks:1; SidebarExpandedItems:1; SidebarWidth:210; SubtreeLinks:0
DEBUG [2024-08-02 12:46:25,705] [1] [Microsoft.Extensions.Logging.Logger] [Log] - CustomSettings. Saved.
DEBUG [2024-08-02 12:46:25,894] [1] [Microsoft.Extensions.Logging.Logger] [Log] - CustomSettings. Saving config...
DEBUG [2024-08-02 12:46:25,896] [1] [Microsoft.Extensions.Logging.Logger] [Log] - CustomSettings. Repo name: SGCC_IndieGame
DEBUG [2024-08-02 12:46:25,897] [1] [Microsoft.Extensions.Logging.Logger] [Log] - CustomSettings: AutoRefresh:True; AutoRefreshRemotes:True; CommitTextLinks:0; DraftCommitMsg:; IncomingSavedCount:5; LastCheckedRemotes:2024-08-02 오후 12:46:00; LastUsedView:FileStatus; LogBranchFilterIndex:0; OutgoingSavedCount:0; RemoteProjectLinks:1; SidebarExpandedItems:1; SidebarWidth:210; SubtreeLinks:0
DEBUG [2024-08-02 12:46:25,905] [1] [Microsoft.Extensions.Logging.Logger] [Log] - CustomSettings. Saved.
DEBUG [2024-08-02 12:46:25,981] [1] [Microsoft.Extensions.Logging.Logger] [Log] - CustomSettings. Saving config...
DEBUG [2024-08-02 12:46:25,982] [1] [Microsoft.Extensions.Logging.Logger] [Log] - CustomSettings. Repo name: SGCC_IndieGame
DEBUG [2024-08-02 12:46:25,983] [1] [Microsoft.Extensions.Logging.Logger] [Log] - CustomSettings: AutoRefresh:True; AutoRefreshRemotes:True; CommitTextLinks:0; DraftCommitMsg:; IncomingSavedCount:5; LastCheckedRemotes:2024-08-02 오후 12:46:00; LastUsedView:FileStatus; LogBranchFilterIndex:0; OutgoingSavedCount:0; RemoteProjectLinks:1; SidebarExpandedItems:1; SidebarWidth:210; SubtreeLinks:0
DEBUG [2024-08-02 12:46:25,991] [1] [Microsoft.Extensions.Logging.Logger] [Log] - CustomSettings. Saved.
DEBUG [2024-08-02 12:46:25,998] [1] [Microsoft.Extensions.Logging.Logger] [Log] - CustomSettings. Saving config...
DEBUG [2024-08-02 12:46:25,999] [1] [Microsoft.Extensions.Logging.Logger] [Log] - CustomSettings. Repo name: SGCC_IndieGame
DEBUG [2024-08-02 12:46:25,999] [1] [Microsoft.Extensions.Logging.Logger] [Log] - CustomSettings: AutoRefresh:True; AutoRefreshRemotes:True; CommitTextLinks:0; DraftCommitMsg:; IncomingSavedCount:5; LastCheckedRemotes:2024-08-02 오후 12:46:00; LastUsedView:FileStatus; LogBranchFilterIndex:0; OutgoingSavedCount:0; RemoteProjectLinks:1; SidebarExpandedItems:1; SidebarWidth:210; SubtreeLinks:0
DEBUG [2024-08-02 12:46:26,009] [1] [Microsoft.Extensions.Logging.Logger] [Log] - CustomSettings. Saved.
DEBUG [2024-08-02 12:46:26,026] [1] [Microsoft.Extensions.Logging.Logger] [Log] - CustomSettings. Saving config...
DEBUG [2024-08-02 12:46:26,027] [1] [Microsoft.Extensions.Logging.Logger] [Log] - CustomSettings. Repo name: SGCC_IndieGame
DEBUG [2024-08-02 12:46:26,028] [1] [Microsoft.Extensions.Logging.Logger] [Log] - CustomSettings: AutoRefresh:True; AutoRefreshRemotes:True; CommitTextLinks:0; DraftCommitMsg:; IncomingSavedCount:5; LastCheckedRemotes:2024-08-02 오후 12:46:00; LastUsedView:FileStatus; LogBranchFilterIndex:0; OutgoingSavedCount:0; RemoteProjectLinks:1; SidebarExpandedItems:3; SidebarWidth:210; SubtreeLinks:0
DEBUG [2024-08-02 12:46:26,040] [1] [Microsoft.Extensions.Logging.Logger] [Log] - CustomSettings. Saved.
DEBUG [2024-08-02 12:46:26,040] [1] [Microsoft.Extensions.Logging.Logger] [Log] - CustomSettings. Saving config...
DEBUG [2024-08-02 12:46:26,041] [1] [Microsoft.Extensions.Logging.Logger] [Log] - CustomSettings. Repo name: SGCC_IndieGame
DEBUG [2024-08-02 12:46:26,042] [1] [Microsoft.Extensions.Logging.Logger] [Log] - CustomSettings: AutoRefresh:True; AutoRefreshRemotes:True; CommitTextLinks:0; DraftCommitMsg:; IncomingSavedCount:5; LastCheckedRemotes:2024-08-02 오후 12:46:00; LastUsedView:Log; LogBranchFilterIndex:0; OutgoingSavedCount:0; RemoteProjectLinks:1; SidebarExpandedItems:3; SidebarWidth:210; SubtreeLinks:0
DEBUG [2024-08-02 12:46:26,054] [1] [Microsoft.Extensions.Logging.Logger] [Log] - CustomSettings. Saved.
DEBUG [2024-08-02 12:46:26,055] [1] [Microsoft.Extensions.Logging.Logger] [Log] - CustomSettings. Saving config...
DEBUG [2024-08-02 12:46:26,076] [1] [Microsoft.Extensions.Logging.Logger] [Log] - CustomSettings. Repo name: SGCC_IndieGame
DEBUG [2024-08-02 12:46:26,077] [1] [Microsoft.Extensions.Logging.Logger] [Log] - CustomSettings: AutoRefresh:True; AutoRefreshRemotes:True; CommitTextLinks:0; DraftCommitMsg:; IncomingSavedCount:5; LastCheckedRemotes:2024-08-02 오후 12:46:26; LastUsedView:Log; LogBranchFilterIndex:0; OutgoingSavedCount:1; RemoteProjectLinks:1; SidebarExpandedItems:3; SidebarWidth:210; SubtreeLinks:0
DEBUG [2024-08-02 12:46:26,089] [1] [Microsoft.Extensions.Logging.Logger] [Log] - CustomSettings. Saved.
DEBUG [2024-08-02 12:46:53,841] [1] [Microsoft.Extensions.Logging.Logger] [Log] - CustomSettings. Saving config...
DEBUG [2024-08-02 12:46:53,842] [1] [Microsoft.Extensions.Logging.Logger] [Log] - CustomSettings. Repo name: SGCC_IndieGame
DEBUG [2024-08-02 12:46:53,843] [1] [Microsoft.Extensions.Logging.Logger] [Log] - CustomSettings: AutoRefresh:True; AutoRefreshRemotes:True; CommitTextLinks:0; DraftCommitMsg:; IncomingSavedCount:0; LastCheckedRemotes:2024-08-02 오후 12:46:53; LastUsedView:Log; LogBranchFilterIndex:0; OutgoingSavedCount:0; RemoteProjectLinks:1; SidebarExpandedItems:1; SidebarWidth:210; SubtreeLinks:0
DEBUG [2024-08-02 12:46:53,854] [1] [Microsoft.Extensions.Logging.Logger] [Log] - CustomSettings. Saved.
DEBUG [2024-08-02 12:47:16,361] [1] [Microsoft.Extensions.Logging.Logger] [Log] - CustomSettings. Saving config...
DEBUG [2024-08-02 12:47:16,377] [1] [Microsoft.Extensions.Logging.Logger] [Log] - CustomSettings. Repo name: SGCC_IndieGame
DEBUG [2024-08-02 12:47:16,377] [1] [Microsoft.Extensions.Logging.Logger] [Log] - CustomSettings: AutoRefresh:True; AutoRefreshRemotes:True; CommitTextLinks:0; DraftCommitMsg:; IncomingSavedCount:0; LastCheckedRemotes:2024-08-02 오후 12:46:53; LastUsedView:Log; LogBranchFilterIndex:1; OutgoingSavedCount:0; RemoteProjectLinks:1; SidebarExpandedItems:0; SidebarWidth:210; SubtreeLinks:0
DEBUG [2024-08-02 12:47:16,377] [1] [Microsoft.Extensions.Logging.Logger] [Log] - CustomSettings. Saved.
DEBUG [2024-08-02 12:48:22,538] [1] [Microsoft.Extensions.Logging.Logger] [Log] - CustomSettings. Saving config...
DEBUG [2024-08-02 12:48:22,539] [1] [Microsoft.Extensions.Logging.Logger] [Log] - CustomSettings. Repo name: SGCC_IndieGame
DEBUG [2024-08-02 12:48:22,540] [1] [Microsoft.Extensions.Logging.Logger] [Log] - CustomSettings: AutoRefresh:True; AutoRefreshRemotes:True; CommitTextLinks:0; DraftCommitMsg:; IncomingSavedCount:0; LastCheckedRemotes:2024-08-02 오후 12:47:26; LastUsedView:FileStatus; LogBranchFilterIndex:1; OutgoingSavedCount:0; RemoteProjectLinks:1; SidebarExpandedItems:1; SidebarWidth:210; SubtreeLinks:0
DEBUG [2024-08-02 12:48:22,553] [1] [Microsoft.Extensions.Logging.Logger] [Log] - CustomSettings. Saved.
DEBUG [2024-08-02 12:48:35,204] [1] [Microsoft.Extensions.Logging.Logger] [Log] - CustomSettings. Saving config...
DEBUG [2024-08-02 12:48:35,222] [1] [Microsoft.Extensions.Logging.Logger] [Log] - CustomSettings. Repo name: SGCC_IndieGame
DEBUG [2024-08-02 12:48:35,223] [1] [Microsoft.Extensions.Logging.Logger] [Log] - CustomSettings: AutoRefresh:True; AutoRefreshRemotes:True; CommitTextLinks:0; DraftCommitMsg:; IncomingSavedCount:0; LastCheckedRemotes:2024-08-02 오후 12:47:26; LastUsedView:FileStatus; LogBranchFilterIndex:1; OutgoingSavedCount:0; RemoteProjectLinks:1; SidebarExpandedItems:1; SidebarWidth:210; SubtreeLinks:0
DEBUG [2024-08-02 12:48:35,232] [1] [Microsoft.Extensions.Logging.Logger] [Log] - CustomSettings. Saved.
DEBUG [2024-08-02 12:48:35,232] [1] [Microsoft.Extensions.Logging.Logger] [Log] - CustomSettings. Saving config...
DEBUG [2024-08-02 12:48:35,233] [1] [Microsoft.Extensions.Logging.Logger] [Log] - CustomSettings. Repo name: SGCC_IndieGame
DEBUG [2024-08-02 12:48:35,235] [1] [Microsoft.Extensions.Logging.Logger] [Log] - CustomSettings: AutoRefresh:True; AutoRefreshRemotes:True; CommitTextLinks:0; DraftCommitMsg:; IncomingSavedCount:0; LastCheckedRemotes:2024-08-02 오후 12:47:26; LastUsedView:Log; LogBranchFilterIndex:1; OutgoingSavedCount:0; RemoteProjectLinks:1; SidebarExpandedItems:1; SidebarWidth:210; SubtreeLinks:0
DEBUG [2024-08-02 12:48:35,242] [1] [Microsoft.Extensions.Logging.Logger] [Log] - CustomSettings. Saved.
DEBUG [2024-08-02 12:48:38,057] [1] [Microsoft.Extensions.Logging.Logger] [Log] - CustomSettings. Saving config...
DEBUG [2024-08-02 12:48:38,058] [1] [Microsoft.Extensions.Logging.Logger] [Log] - CustomSettings. Repo name: SGCC_IndieGame
DEBUG [2024-08-02 12:48:38,059] [1] [Microsoft.Extensions.Logging.Logger] [Log] - CustomSettings: AutoRefresh:True; AutoRefreshRemotes:True; CommitTextLinks:0; DraftCommitMsg:; IncomingSavedCount:5; LastCheckedRemotes:2024-08-02 오후 12:48:38; LastUsedView:Log; LogBranchFilterIndex:1; OutgoingSavedCount:1; RemoteProjectLinks:1; SidebarExpandedItems:1; SidebarWidth:210; SubtreeLinks:0
DEBUG [2024-08-02 12:48:38,070] [1] [Microsoft.Extensions.Logging.Logger] [Log] - CustomSettings. Saved.
DEBUG [2024-08-02 12:48:53,878] [1] [Microsoft.Extensions.Logging.Logger] [Log] - CustomSettings. Saving config...
DEBUG [2024-08-02 12:48:53,879] [1] [Microsoft.Extensions.Logging.Logger] [Log] - CustomSettings. Repo name: SGCC_IndieGame
DEBUG [2024-08-02 12:48:53,880] [1] [Microsoft.Extensions.Logging.Logger] [Log] - CustomSettings: AutoRefresh:True; AutoRefreshRemotes:True; CommitTextLinks:0; DraftCommitMsg:; IncomingSavedCount:0; LastCheckedRemotes:2024-08-02 오후 12:48:53; LastUsedView:Log; LogBranchFilterIndex:1; OutgoingSavedCount:0; RemoteProjectLinks:1; SidebarExpandedItems:1; SidebarWidth:210; SubtreeLinks:0
DEBUG [2024-08-02 12:48:53,884] [1] [Microsoft.Extensions.Logging.Logger] [Log] - CustomSettings. Saved.
DEBUG [2024-08-02 12:53:35,379] [1] [Microsoft.Extensions.Logging.Logger] [Log] - CustomSettings. Saving config...
DEBUG [2024-08-02 12:53:35,380] [1] [Microsoft.Extensions.Logging.Logger] [Log] - CustomSettings. Repo name: SGCC_IndieGame
DEBUG [2024-08-02 12:53:35,381] [1] [Microsoft.Extensions.Logging.Logger] [Log] - CustomSettings: AutoRefresh:True; AutoRefreshRemotes:True; CommitTextLinks:0; DraftCommitMsg:; IncomingSavedCount:0; LastCheckedRemotes:2024-08-02 오후 12:48:53; LastUsedView:FileStatus; LogBranchFilterIndex:1; OutgoingSavedCount:0; RemoteProjectLinks:1; SidebarExpandedItems:1; SidebarWidth:210; SubtreeLinks:0
DEBUG [2024-08-02 12:53:35,393] [1] [Microsoft.Extensions.Logging.Logger] [Log] - CustomSettings. Saved.
DEBUG [2024-08-02 12:54:27,324] [1] [Microsoft.Extensions.Logging.Logger] [Log] - CustomSettings. Saving config...
DEBUG [2024-08-02 12:54:27,326] [1] [Microsoft.Extensions.Logging.Logger] [Log] - CustomSettings. Repo name: SGCC_IndieGame
DEBUG [2024-08-02 12:54:27,327] [1] [Microsoft.Extensions.Logging.Logger] [Log] - CustomSettings: AutoRefresh:True; AutoRefreshRemotes:True; CommitTextLinks:0; DraftCommitMsg:; IncomingSavedCount:0; LastCheckedRemotes:2024-08-02 오후 12:48:53; LastUsedView:FileStatus; LogBranchFilterIndex:1; OutgoingSavedCount:0; RemoteProjectLinks:1; SidebarExpandedItems:1; SidebarWidth:210; SubtreeLinks:0
DEBUG [2024-08-02 12:54:27,330] [1] [Microsoft.Extensions.Logging.Logger] [Log] - CustomSettings. Saved.
DEBUG [2024-08-02 12:54:27,601] [1] [Microsoft.Extensions.Logging.Logger] [Log] - CustomSettings. Saving config...
DEBUG [2024-08-02 12:54:27,602] [1] [Microsoft.Extensions.Logging.Logger] [Log] - CustomSettings. Repo name: SGCC_IndieGame
DEBUG [2024-08-02 12:54:27,603] [1] [Microsoft.Extensions.Logging.Logger] [Log] - CustomSettings: AutoRefresh:True; AutoRefreshRemotes:True; CommitTextLinks:0; DraftCommitMsg:; IncomingSavedCount:0; LastCheckedRemotes:2024-08-02 오후 12:48:53; LastUsedView:Log; LogBranchFilterIndex:1; OutgoingSavedCount:0; RemoteProjectLinks:1; SidebarExpandedItems:1; SidebarWidth:210; SubtreeLinks:0
DEBUG [2024-08-02 12:54:27,612] [1] [Microsoft.Extensions.Logging.Logger] [Log] - CustomSettings. Saved.
DEBUG [2024-08-02 12:54:27,613] [1] [Microsoft.Extensions.Logging.Logger] [Log] - CustomSettings. Saving config...
DEBUG [2024-08-02 12:54:27,614] [1] [Microsoft.Extensions.Logging.Logger] [Log] - CustomSettings. Repo name: SGCC_IndieGame
DEBUG [2024-08-02 12:54:27,615] [1] [Microsoft.Extensions.Logging.Logger] [Log] - CustomSettings: AutoRefresh:True; AutoRefreshRemotes:True; CommitTextLinks:0; DraftCommitMsg:; IncomingSavedCount:5; LastCheckedRemotes:2024-08-02 오후 12:54:27; LastUsedView:Log; LogBranchFilterIndex:1; OutgoingSavedCount:1; RemoteProjectLinks:1; SidebarExpandedItems:1; SidebarWidth:210; SubtreeLinks:0
DEBUG [2024-08-02 12:54:27,631] [1] [Microsoft.Extensions.Logging.Logger] [Log] - CustomSettings. Saved.
DEBUG [2024-08-02 12:54:41,233] [1] [Microsoft.Extensions.Logging.Logger] [Log] - CustomSettings. Saving config...
DEBUG [2024-08-02 12:54:41,234] [1] [Microsoft.Extensions.Logging.Logger] [Log] - CustomSettings. Repo name: SGCC_IndieGame
DEBUG [2024-08-02 12:54:41,235] [1] [Microsoft.Extensions.Logging.Logger] [Log] - CustomSettings: AutoRefresh:True; AutoRefreshRemotes:True; CommitTextLinks:0; DraftCommitMsg:; IncomingSavedCount:0; LastCheckedRemotes:2024-08-02 오후 12:54:41; LastUsedView:Log; LogBranchFilterIndex:1; OutgoingSavedCount:2; RemoteProjectLinks:1; SidebarExpandedItems:1; SidebarWidth:210; SubtreeLinks:0
DEBUG [2024-08-02 12:54:41,240] [1] [Microsoft.Extensions.Logging.Logger] [Log] - CustomSettings. Saved.
DEBUG [2024-08-02 12:58:09,694] [1] [Microsoft.Extensions.Logging.Logger] [Log] - CustomSettings. Saving config...
DEBUG [2024-08-02 12:58:09,712] [1] [Microsoft.Extensions.Logging.Logger] [Log] - CustomSettings. Repo name: SGCC_IndieGame
DEBUG [2024-08-02 12:58:09,714] [1] [Microsoft.Extensions.Logging.Logger] [Log] - CustomSettings: AutoRefresh:True; AutoRefreshRemotes:True; CommitTextLinks:0; DraftCommitMsg:; IncomingSavedCount:0; LastCheckedRemotes:2024-08-02 오후 12:57:04; LastUsedView:FileStatus; LogBranchFilterIndex:1; OutgoingSavedCount:2; RemoteProjectLinks:1; SidebarExpandedItems:1; SidebarWidth:210; SubtreeLinks:0
DEBUG [2024-08-02 12:58:09,721] [1] [Microsoft.Extensions.Logging.Logger] [Log] - CustomSettings. Saved.
DEBUG [2024-08-02 13:27:03,015] [1] [Microsoft.Extensions.Logging.Logger] [Log] - CustomSettings. Saving config...
DEBUG [2024-08-02 13:27:03,021] [1] [Microsoft.Extensions.Logging.Logger] [Log] - CustomSettings. Repo name: SGCC-Web
DEBUG [2024-08-02 13:27:03,021] [1] [Microsoft.Extensions.Logging.Logger] [Log] - CustomSettings: AutoRefresh:True; AutoRefreshRemotes:True; CommitTextLinks:0; DraftCommitMsg:; IncomingSavedCount:0; LastCheckedRemotes:2024-08-02 오후 1:26:13; LastUsedView:Log; LogBranchFilterIndex:0; OutgoingSavedCount:0; RemoteProjectLinks:1; SidebarExpandedItems:1; SidebarWidth:210; SubtreeLinks:0
DEBUG [2024-08-02 13:27:03,033] [1] [Microsoft.Extensions.Logging.Logger] [Log] - CustomSettings. Saved.
DEBUG [2024-08-02 13:27:03,034] [1] [Microsoft.Extensions.Logging.Logger] [Log] - CustomSettings. Saving config...
DEBUG [2024-08-02 13:27:03,035] [1] [Microsoft.Extensions.Logging.Logger] [Log] - CustomSettings. Repo name: SGCC_IndieGame
DEBUG [2024-08-02 13:27:03,036] [1] [Microsoft.Extensions.Logging.Logger] [Log] - CustomSettings: AutoRefresh:True; AutoRefreshRemotes:True; CommitTextLinks:0; DraftCommitMsg:; IncomingSavedCount:0; LastCheckedRemotes:2024-08-02 오후 1:26:08; LastUsedView:FileStatus; LogBranchFilterIndex:1; OutgoingSavedCount:2; RemoteProjectLinks:1; SidebarExpandedItems:1; SidebarWidth:210; SubtreeLinks:0
DEBUG [2024-08-02 13:27:03,045] [1] [Microsoft.Extensions.Logging.Logger] [Log] - CustomSettings. Saved.
